[debug] [2019-03-24T01:43:50.033Z] ----------------------------------------------------------------------
[debug] [2019-03-24T01:43:50.035Z] Command:       /Users/krrrr38/.nvm/versions/node/v6.11.5/bin/node /Users/krrrr38/dev/src/bitbucket.org/krrrr38/krrrr38/functions/node_modules/.bin/firebase serve --only functions
[debug] [2019-03-24T01:43:50.036Z] CLI Version:   6.3.1
[debug] [2019-03-24T01:43:50.036Z] Platform:      darwin
[debug] [2019-03-24T01:43:50.036Z] Node Version:  v6.11.5
[debug] [2019-03-24T01:43:50.036Z] Time:          Sun Mar 24 2019 10:43:50 GMT+0900 (JST)
[debug] [2019-03-24T01:43:50.037Z] ----------------------------------------------------------------------
[debug] 
[debug] [2019-03-24T01:43:50.053Z] > command requires scopes: ["email","openid","https://www.googleapis.com/auth/cloudplatformprojects.readonly","https://www.googleapis.com/auth/firebase","https://www.googleapis.com/auth/cloud-platform"]
[debug] [2019-03-24T01:43:50.054Z] > authorizing via signed-in user
[debug] [2019-03-24T01:43:50.054Z] [iam] checking project dev-krrrr38 for permissions ["firebase.projects.get"]
[debug] [2019-03-24T01:43:50.056Z] > refreshing access token with scopes: ["email","https://www.googleapis.com/auth/cloud-platform","https://www.googleapis.com/auth/cloudplatformprojects.readonly","https://www.googleapis.com/auth/firebase","openid"]
[debug] [2019-03-24T01:43:50.056Z] >>> HTTP REQUEST POST https://www.googleapis.com/oauth2/v3/token  
 <request body omitted>
[debug] [2019-03-24T01:43:50.241Z] <<< HTTP RESPONSE 200
[debug] [2019-03-24T01:43:50.259Z] >>> HTTP REQUEST POST https://cloudresourcemanager.googleapis.com/v1/projects/dev-krrrr38:testIamPermissions  

[debug] [2019-03-24T01:43:51.113Z] <<< HTTP RESPONSE 200
[debug] [2019-03-24T01:43:51.115Z] >>> HTTP REQUEST GET https://cloudresourcemanager.googleapis.com/v1/projects/dev-krrrr38  
 
[debug] [2019-03-24T01:43:51.924Z] <<< HTTP RESPONSE 200
[info] 
[info] === Serving from '/Users/krrrr38/dev/src/bitbucket.org/krrrr38/krrrr38'...
[info] 
[info] i  functions: Preparing to emulate functions.
[debug] [2019-03-24T01:43:53.003Z] Fetching environment
[debug] [2019-03-24T01:43:53.007Z] >>> HTTP REQUEST GET https://mobilesdk-pa.googleapis.com/v1/projects/614215594566:getServerAppConfig  
 
[debug] [2019-03-24T01:43:53.466Z] <<< HTTP RESPONSE 200
[debug] [2019-03-24T01:43:53.467Z] Starting @google-cloud/functions-emulator
[debug] [2019-03-24T01:43:55.006Z] Parsing function triggers
[info] ✔  functions: api: http://localhost:5000/dev-krrrr38/us-central1/api
